
###################################
# Train Classifier
###################################
* Number Of Vehicle Training Images: 8792
* Number Of Non-Vehicle Training Images: 8968
* Color Space: YCrCb
* Spatial Features: True
  - size: (32, 32)
* Color Histogram: True
  - Number of bins: 32
* HOG Features: True
  - using 9 orientations, 8 pixels per cell, and 2 cells per block on 'ALL' HOG channel(s)

Start feature extraction on dataset (at 418694.390)
Completed feature extraction on dataset 135.104s (at 418829.494)
* Total Dataset: 17760
* Total Training Dataset: 14208
* Total Test Dataset: 3552

Start classifier training (at 418837.734)
Completed classifier training 22.388s (at 418860.121)

Start checking accuracy score (at 418860.121)
Completed checking accuracy score 0.027s (at 418860.148)
* Test Accuracy of SVC: 98.9%

Start prediction time estimation (at 418860.148)
Completed prediction time estimation 0.000s (at 418860.149)
* Labels    : [1. 0. 0. 0. 1. 1. 0. 0. 0. 1.]
* Preditions: [1. 1. 0. 0. 1. 1. 0. 0. 0. 1.]
* Elapsed Time (10 predictions): 0.00017s
Pickle the trained classifier to ../results/classifier_YCrCb_sp32_hist32_hog_9_8_2_ALL.p

###################################
# Train Classifier
###################################
* Number Of Vehicle Training Images: 8792
* Number Of Non-Vehicle Training Images: 8968
* Color Space: YCrCb
* Spatial Features: True
  - size: (32, 32)
* Color Histogram: True
  - Number of bins: 32
* HOG Features: True
  - using 9 orientations, 8 pixels per cell, and 2 cells per block on '0' HOG channel(s)

Start feature extraction on dataset (at 418860.683)
Completed feature extraction on dataset 64.374s (at 418925.056)
* Total Dataset: 17760
* Total Training Dataset: 14208
* Total Test Dataset: 3552

Start classifier training (at 418929.463)
Completed classifier training 13.410s (at 418942.874)

Start checking accuracy score (at 418942.874)
Completed checking accuracy score 0.015s (at 418942.888)
* Test Accuracy of SVC: 97.6%

Start prediction time estimation (at 418942.888)
Completed prediction time estimation 0.000s (at 418942.888)
* Labels    : [1. 1. 0. 1. 1. 0. 0. 1. 0. 0.]
* Preditions: [1. 1. 0. 1. 1. 0. 0. 1. 0. 0.]
* Elapsed Time (10 predictions): 0.00013s
Pickle the trained classifier to ../results/classifier_YCrCb_sp32_hist32_hog_9_8_2_0.p

###################################
# Train Classifier
###################################
* Number Of Vehicle Training Images: 8792
* Number Of Non-Vehicle Training Images: 8968
* Color Space: LUV
* Spatial Features: True
  - size: (32, 32)
* Color Histogram: True
  - Number of bins: 32
* HOG Features: True
  - using 9 orientations, 8 pixels per cell, and 2 cells per block on 'ALL' HOG channel(s)

Start feature extraction on dataset (at 418943.352)
Completed feature extraction on dataset 136.627s (at 419079.979)
* Total Dataset: 17760
* Total Training Dataset: 14208
* Total Test Dataset: 3552

Start classifier training (at 419090.139)
Completed classifier training 33.561s (at 419123.699)

Start checking accuracy score (at 419123.699)
Completed checking accuracy score 0.044s (at 419123.743)
* Test Accuracy of SVC: 99.0%

Start prediction time estimation (at 419123.743)
Completed prediction time estimation 0.000s (at 419123.744)
* Labels    : [0. 1. 1. 1. 1. 0. 0. 0. 1. 1.]
* Preditions: [0. 1. 1. 1. 1. 0. 0. 0. 1. 1.]
* Elapsed Time (10 predictions): 0.00014s
Pickle the trained classifier to ../results/classifier_LUV_sp32_hist32_hog_9_8_2_ALL.p

###################################
# Train Classifier
###################################
* Number Of Vehicle Training Images: 8792
* Number Of Non-Vehicle Training Images: 8968
* Color Space: YUV
* Spatial Features: True
  - size: (32, 32)
* Color Histogram: True
  - Number of bins: 32
* HOG Features: True
  - using 9 orientations, 8 pixels per cell, and 2 cells per block on 'ALL' HOG channel(s)

Start feature extraction on dataset (at 419124.297)
Completed feature extraction on dataset 140.911s (at 419265.207)
* Total Dataset: 17760
* Total Training Dataset: 14208
* Total Test Dataset: 3552

Start classifier training (at 419275.870)
Completed classifier training 6.994s (at 419282.864)

Start checking accuracy score (at 419282.864)
Completed checking accuracy score 0.030s (at 419282.894)
* Test Accuracy of SVC: 98.8%

Start prediction time estimation (at 419282.894)
Completed prediction time estimation 0.000s (at 419282.894)
* Labels    : [0. 0. 1. 0. 0. 0. 1. 1. 0. 0.]
* Preditions: [0. 0. 1. 0. 0. 0. 1. 1. 0. 0.]
* Elapsed Time (10 predictions): 0.00016s
Pickle the trained classifier to ../results/classifier_YUV_sp32_hist32_hog_9_8_2_ALL.p

###################################
# Train Classifier
###################################
* Number Of Vehicle Training Images: 8792
* Number Of Non-Vehicle Training Images: 8968
* Color Space: HLS
* Spatial Features: True
  - size: (32, 32)
* Color Histogram: True
  - Number of bins: 32
* HOG Features: True
  - using 9 orientations, 8 pixels per cell, and 2 cells per block on 'ALL' HOG channel(s)

Start feature extraction on dataset (at 419283.425)
Completed feature extraction on dataset 156.839s (at 419440.264)
* Total Dataset: 17760
* Total Training Dataset: 14208
* Total Test Dataset: 3552

Start classifier training (at 419449.721)
Completed classifier training 34.726s (at 419484.447)

Start checking accuracy score (at 419484.447)
Completed checking accuracy score 0.070s (at 419484.516)
* Test Accuracy of SVC: 98.6%

Start prediction time estimation (at 419484.516)
Completed prediction time estimation 0.000s (at 419484.517)
* Labels    : [1. 0. 0. 0. 0. 1. 0. 1. 0. 0.]
* Preditions: [1. 0. 0. 0. 0. 1. 0. 1. 0. 0.]
* Elapsed Time (10 predictions): 0.00020s
Pickle the trained classifier to ../results/classifier_HLS_sp32_hist32_hog_9_8_2_ALL.p

###################################
# Train Classifier
###################################
* Number Of Vehicle Training Images: 8792
* Number Of Non-Vehicle Training Images: 8968
* Color Space: HSV
* Spatial Features: True
  - size: (32, 32)
* Color Histogram: True
  - Number of bins: 32
* HOG Features: True
  - using 9 orientations, 8 pixels per cell, and 2 cells per block on 'ALL' HOG channel(s)

Start feature extraction on dataset (at 419485.176)
Completed feature extraction on dataset 156.606s (at 419641.782)
* Total Dataset: 17760
* Total Training Dataset: 14208
* Total Test Dataset: 3552

Start classifier training (at 419651.079)
Completed classifier training 27.691s (at 419678.770)

Start checking accuracy score (at 419678.770)
Completed checking accuracy score 0.046s (at 419678.816)
* Test Accuracy of SVC: 99.0%

Start prediction time estimation (at 419678.816)
Completed prediction time estimation 0.000s (at 419678.816)
* Labels    : [1. 0. 1. 0. 1. 1. 0. 0. 0. 1.]
* Preditions: [1. 0. 1. 0. 1. 1. 0. 0. 0. 1.]
* Elapsed Time (10 predictions): 0.00016s
Pickle the trained classifier to ../results/classifier_HSV_sp32_hist32_hog_9_8_2_ALL.p

###################################
# Train Classifier
###################################
* Number Of Vehicle Training Images: 8792
* Number Of Non-Vehicle Training Images: 8968
* Color Space: YCrCb
* Spatial Features: True
  - size: (32, 32)
* Color Histogram: True
  - Number of bins: 32
* HOG Features: True
  - using 9 orientations, 8 pixels per cell, and 2 cells per block on '1' HOG channel(s)

Start feature extraction on dataset (at 419679.349)
Completed feature extraction on dataset 84.401s (at 419763.750)
* Total Dataset: 17760
* Total Training Dataset: 14208
* Total Test Dataset: 3552

Start classifier training (at 419768.450)
Completed classifier training 13.839s (at 419782.289)

Start checking accuracy score (at 419782.289)
Completed checking accuracy score 0.016s (at 419782.305)
* Test Accuracy of SVC: 97.7%

Start prediction time estimation (at 419782.305)
Completed prediction time estimation 0.000s (at 419782.305)
* Labels    : [0. 1. 0. 1. 0. 1. 0. 1. 1. 0.]
* Preditions: [0. 1. 0. 1. 0. 1. 0. 1. 1. 0.]
* Elapsed Time (10 predictions): 0.00014s
Pickle the trained classifier to ../results/classifier_YCrCb_sp32_hist32_hog_9_8_2_1.p

###################################
# Train Classifier
###################################
* Number Of Vehicle Training Images: 8792
* Number Of Non-Vehicle Training Images: 8968
* Color Space: YCrCb
* Spatial Features: True
  - size: (32, 32)
* Color Histogram: True
  - Number of bins: 32
* HOG Features: True
  - using 9 orientations, 8 pixels per cell, and 2 cells per block on '2' HOG channel(s)

Start feature extraction on dataset (at 419782.774)
Completed feature extraction on dataset 55.862s (at 419838.637)
* Total Dataset: 17760
* Total Training Dataset: 14208
* Total Test Dataset: 3552

Start classifier training (at 419843.152)
Completed classifier training 17.722s (at 419860.873)

Start checking accuracy score (at 419860.873)
Completed checking accuracy score 0.014s (at 419860.887)
* Test Accuracy of SVC: 96.9%

Start prediction time estimation (at 419860.887)
Completed prediction time estimation 0.000s (at 419860.888)
* Labels    : [0. 1. 1. 0. 0. 1. 0. 1. 1. 0.]
* Preditions: [0. 1. 1. 0. 0. 1. 0. 1. 1. 0.]
* Elapsed Time (10 predictions): 0.00016s
Pickle the trained classifier to ../results/classifier_YCrCb_sp32_hist32_hog_9_8_2_2.p

###################################
# Train Classifier
###################################
* Number Of Vehicle Training Images: 8792
* Number Of Non-Vehicle Training Images: 8968
* Color Space: YCrCb
* Spatial Features: True
  - size: (32, 32)
* Color Histogram: False
  - Number of bins: 32
* HOG Features: False
  - using 9 orientations, 8 pixels per cell, and 2 cells per block on 'ALL' HOG channel(s)

Start feature extraction on dataset (at 419861.358)
Completed feature extraction on dataset 12.696s (at 419874.054)
* Total Dataset: 17760
* Total Training Dataset: 14208
* Total Test Dataset: 3552

Start classifier training (at 419876.377)
Completed classifier training 26.444s (at 419902.821)

Start checking accuracy score (at 419902.821)
Completed checking accuracy score 0.021s (at 419902.842)
* Test Accuracy of SVC: 90.3%

Start prediction time estimation (at 419902.842)
Completed prediction time estimation 0.000s (at 419902.842)
* Labels    : [1. 0. 1. 1. 1. 1. 0. 0. 0. 0.]
* Preditions: [1. 0. 0. 1. 0. 1. 0. 1. 0. 0.]
* Elapsed Time (10 predictions): 0.00014s
Pickle the trained classifier to ../results/classifier_YCrCb_sp32.p

###################################
# Train Classifier
###################################
* Number Of Vehicle Training Images: 8792
* Number Of Non-Vehicle Training Images: 8968
* Color Space: YCrCb
* Spatial Features: False
  - size: (32, 32)
* Color Histogram: True
  - Number of bins: 32
* HOG Features: False
  - using 9 orientations, 8 pixels per cell, and 2 cells per block on 'ALL' HOG channel(s)

Start feature extraction on dataset (at 419903.310)
Completed feature extraction on dataset 20.460s (at 419923.770)
* Total Dataset: 17760
* Total Training Dataset: 14208
* Total Test Dataset: 3552

Start classifier training (at 419923.865)
Completed classifier training 2.488s (at 419926.353)

Start checking accuracy score (at 419926.353)
Completed checking accuracy score 0.001s (at 419926.355)
* Test Accuracy of SVC: 92.5%

Start prediction time estimation (at 419926.355)
Completed prediction time estimation 0.000s (at 419926.355)
* Labels    : [1. 1. 1. 0. 1. 0. 0. 1. 1. 1.]
* Preditions: [1. 0. 1. 0. 1. 0. 0. 1. 0. 1.]
* Elapsed Time (10 predictions): 0.00007s
Pickle the trained classifier to ../results/classifier_YCrCb_hist32.p

###################################
# Train Classifier
###################################
* Number Of Vehicle Training Images: 8792
* Number Of Non-Vehicle Training Images: 8968
* Color Space: YCrCb
* Spatial Features: False
  - size: (32, 32)
* Color Histogram: False
  - Number of bins: 32
* HOG Features: True
  - using 9 orientations, 8 pixels per cell, and 2 cells per block on 'ALL' HOG channel(s)

Start feature extraction on dataset (at 419926.761)
Completed feature extraction on dataset 125.376s (at 420052.137)
* Total Dataset: 17760
* Total Training Dataset: 14208
* Total Test Dataset: 3552

Start classifier training (at 420057.697)
Completed classifier training 21.320s (at 420079.017)

Start checking accuracy score (at 420079.017)
Completed checking accuracy score 0.019s (at 420079.036)
* Test Accuracy of SVC: 96.7%

Start prediction time estimation (at 420079.036)
Completed prediction time estimation 0.000s (at 420079.036)
* Labels    : [0. 1. 1. 0. 1. 0. 1. 1. 1. 0.]
* Preditions: [1. 1. 1. 0. 1. 0. 1. 1. 1. 0.]
* Elapsed Time (10 predictions): 0.00015s
Pickle the trained classifier to ../results/classifier_YCrCb_hog_9_8_2_ALL.p
